<?xml version="1.0" encoding="UTF-8"?>
<!-- Generated by org.testng.reporters.JUnitReportReporter -->
<testsuite hostname="NeelPC" failures="0" tests="3" name="selenium.TestringAssignment1.GoibiboHomePage" time="7.879" errors="0" timestamp="2021-10-15T15:35:30 IST" skipped="0">
  <testcase classname="selenium.TestringAssignment1.GoibiboHomePage" name="selectCity" time="0.735"/>
  <system-out/>
  <testcase classname="selenium.TestringAssignment1.GoibiboHomePage" name="selectDateAndPeople" time="6.627"/>
  <system-out/>
  <testcase classname="selenium.TestringAssignment1.GoibiboHomePage" name="searchHotel" time="0.517"/>
  <system-out/>
</testsuite> <!-- selenium.TestringAssignment1.GoibiboHomePage -->
