<?xml version="1.0" encoding="UTF-8"?>
<!-- Generated by org.testng.reporters.JUnitReportReporter -->
<testsuite hostname="NeelPC" failures="0" tests="1" name="selenium.TestringAssignment1.AppTest" time="0.037" errors="0" timestamp="2021-10-14T22:43:43 IST" skipped="0">
  <testcase classname="selenium.TestringAssignment1.AppTest" name="shouldAnswerWithTrue" time="0.037"/>
  <system-out/>
</testsuite> <!-- selenium.TestringAssignment1.AppTest -->
